INFO:root:Program started
WARNING:root:Low battery
ERROR:root:Something went wrong
CRITICAL:root:Critical error!
INFO:root:Program started
WARNING:root:Low disk space
ERROR:root:Something went wrong
INFO:app:User opened settings
ERROR:error:Database failed to connect
WARNING:security:Failed login attempt
ERROR:root:Something went wrong
Traceback (most recent call last):
  File "C:\Users\Priya Koma\AppData\Local\Temp\ipykernel_20760\2335306448.py", line 6, in <module>
    x = 10 / 0
        ~~~^~~
ZeroDivisionError: division by zero
ERROR:root:Something went wrong
Traceback (most recent call last):
  File "C:\Users\Priya Koma\AppData\Local\Temp\ipykernel_20760\1145387624.py", line 6, in <module>
    x = 10 / 0
        ~~~^~~
ZeroDivisionError: division by zero
ERROR:root:Something went wrong
Traceback (most recent call last):
  File "C:\Users\Priya Koma\AppData\Local\Temp\ipykernel_20760\1145387624.py", line 6, in <module>
    x = 10 / 0
        ~~~^~~
ZeroDivisionError: division by zero
ERROR:root:Something went wrong
Traceback (most recent call last):
  File "C:\Users\Priya Koma\AppData\Local\Temp\ipykernel_20760\958299412.py", line 6, in <module>
    x = 10 / 0
        ~~~^~~
ZeroDivisionError: division by zero
ERROR:root:Something went wrong
Traceback (most recent call last):
  File "C:\Users\Priya Koma\AppData\Local\Temp\ipykernel_20760\1739682557.py", line 6, in <module>
    x = 10 / 0
        ~~~^~~
ZeroDivisionError: division by zero
